1773135527.209348 client started (42500): version 3.2a, socket /tmp/tmux-895296567/default, protocol 8
1773135527.209410 on Linux 5.15.0-171-generic #181-Ubuntu SMP Fri Feb 6 22:44:50 UTC 2026
1773135527.209428 using libevent 2.1.12-stable (poll); ncurses 6.3
1773135527.209467 flags are 0x18010000
1773135527.209485 socket is /tmp/tmux-895296567/default
1773135527.209508 trying connect
1773135527.209542 connect failed: Connection refused
1773135527.209566 lock file is /tmp/tmux-895296567/default.lock
1773135527.209624 flock succeeded
1773135527.209637 got lock (6)
1773135527.209654 trying connect
1773135527.209675 connect failed: Connection refused
1773135527.210064 add peer 0x563c331c9e00: 7 ((nil))
1773135527.210837 sending message 100 to peer 0x563c331c9e00 (4 bytes)
1773135527.210863 sending message 111 to peer 0x563c331c9e00 (8 bytes)
1773135527.210885 sending message 101 to peer 0x563c331c9e00 (12 bytes)
1773135527.210900 sending message 109 to peer 0x563c331c9e00 (4 bytes)
1773135527.210919 sending message 102 to peer 0x563c331c9e00 (11 bytes)
1773135527.210938 sending message 108 to peer 0x563c331c9e00 (27 bytes)
1773135527.210957 sending message 112 to peer 0x563c331c9e00 (70 bytes)
1773135527.210977 sending message 112 to peer 0x563c331c9e00 (5 bytes)
1773135527.210997 sending message 112 to peer 0x563c331c9e00 (6 bytes)
1773135527.211016 sending message 112 to peer 0x563c331c9e00 (6 bytes)
1773135527.211034 sending message 112 to peer 0x563c331c9e00 (10 bytes)
1773135527.211052 sending message 112 to peer 0x563c331c9e00 (13 bytes)
1773135527.211071 sending message 112 to peer 0x563c331c9e00 (14 bytes)
1773135527.211085 sending message 112 to peer 0x563c331c9e00 (19 bytes)
1773135527.211104 sending message 112 to peer 0x563c331c9e00 (11 bytes)
1773135527.211118 sending message 112 to peer 0x563c331c9e00 (21 bytes)
1773135527.211137 sending message 112 to peer 0x563c331c9e00 (13 bytes)
1773135527.211151 sending message 112 to peer 0x563c331c9e00 (7 bytes)
1773135527.211170 sending message 112 to peer 0x563c331c9e00 (13 bytes)
1773135527.211184 sending message 112 to peer 0x563c331c9e00 (7 bytes)
1773135527.211199 sending message 112 to peer 0x563c331c9e00 (13 bytes)
1773135527.211217 sending message 112 to peer 0x563c331c9e00 (9 bytes)
1773135527.211232 sending message 112 to peer 0x563c331c9e00 (21 bytes)
1773135527.211250 sending message 112 to peer 0x563c331c9e00 (13 bytes)
1773135527.211264 sending message 112 to peer 0x563c331c9e00 (9 bytes)
1773135527.211283 sending message 112 to peer 0x563c331c9e00 (16 bytes)
1773135527.211297 sending message 112 to peer 0x563c331c9e00 (13 bytes)
1773135527.211317 sending message 112 to peer 0x563c331c9e00 (9 bytes)
1773135527.211331 sending message 112 to peer 0x563c331c9e00 (9 bytes)
1773135527.211346 sending message 112 to peer 0x563c331c9e00 (12 bytes)
1773135527.211365 sending message 112 to peer 0x563c331c9e00 (8 bytes)
1773135527.211379 sending message 112 to peer 0x563c331c9e00 (13 bytes)
1773135527.211397 sending message 112 to peer 0x563c331c9e00 (7 bytes)
1773135527.211412 sending message 112 to peer 0x563c331c9e00 (7 bytes)
1773135527.211430 sending message 112 to peer 0x563c331c9e00 (9 bytes)
1773135527.211445 sending message 112 to peer 0x563c331c9e00 (6 bytes)
1773135527.211463 sending message 112 to peer 0x563c331c9e00 (9 bytes)
1773135527.211478 sending message 112 to peer 0x563c331c9e00 (15 bytes)
1773135527.211497 sending message 112 to peer 0x563c331c9e00 (13 bytes)
1773135527.211511 sending message 112 to peer 0x563c331c9e00 (12 bytes)
1773135527.211529 sending message 112 to peer 0x563c331c9e00 (8 bytes)
1773135527.211543 sending message 112 to peer 0x563c331c9e00 (14 bytes)
1773135527.211557 sending message 112 to peer 0x563c331c9e00 (9 bytes)
1773135527.211576 sending message 112 to peer 0x563c331c9e00 (10 bytes)
1773135527.211590 sending message 112 to peer 0x563c331c9e00 (10 bytes)
1773135527.211608 sending message 112 to peer 0x563c331c9e00 (10 bytes)
1773135527.211623 sending message 112 to peer 0x563c331c9e00 (10 bytes)
1773135527.211642 sending message 112 to peer 0x563c331c9e00 (11 bytes)
1773135527.211671 sending message 112 to peer 0x563c331c9e00 (12 bytes)
1773135527.211692 sending message 112 to peer 0x563c331c9e00 (12 bytes)
1773135527.211707 sending message 112 to peer 0x563c331c9e00 (12 bytes)
1773135527.211721 sending message 112 to peer 0x563c331c9e00 (12 bytes)
1773135527.211740 sending message 112 to peer 0x563c331c9e00 (12 bytes)
1773135527.211754 sending message 112 to peer 0x563c331c9e00 (11 bytes)
1773135527.211773 sending message 112 to peer 0x563c331c9e00 (11 bytes)
1773135527.211786 sending message 112 to peer 0x563c331c9e00 (12 bytes)
1773135527.211805 sending message 112 to peer 0x563c331c9e00 (12 bytes)
1773135527.211819 sending message 112 to peer 0x563c331c9e00 (12 bytes)
1773135527.211838 sending message 112 to peer 0x563c331c9e00 (12 bytes)
1773135527.211852 sending message 112 to peer 0x563c331c9e00 (12 bytes)
1773135527.211873 sending message 112 to peer 0x563c331c9e00 (9 bytes)
1773135527.211887 sending message 112 to peer 0x563c331c9e00 (12 bytes)
1773135527.211902 sending message 112 to peer 0x563c331c9e00 (13 bytes)
1773135527.211921 sending message 112 to peer 0x563c331c9e00 (13 bytes)
1773135527.211941 sending message 112 to peer 0x563c331c9e00 (13 bytes)
1773135527.211955 sending message 112 to peer 0x563c331c9e00 (13 bytes)
1773135527.211974 sending message 112 to peer 0x563c331c9e00 (13 bytes)
1773135527.211988 sending message 112 to peer 0x563c331c9e00 (8 bytes)
1773135527.212007 sending message 112 to peer 0x563c331c9e00 (11 bytes)
1773135527.212021 sending message 112 to peer 0x563c331c9e00 (11 bytes)
1773135527.212039 sending message 112 to peer 0x563c331c9e00 (11 bytes)
1773135527.212053 sending message 112 to peer 0x563c331c9e00 (12 bytes)
1773135527.212072 sending message 112 to peer 0x563c331c9e00 (12 bytes)
1773135527.212086 sending message 112 to peer 0x563c331c9e00 (12 bytes)
1773135527.212106 sending message 112 to peer 0x563c331c9e00 (12 bytes)
1773135527.212120 sending message 112 to peer 0x563c331c9e00 (13 bytes)
1773135527.212139 sending message 112 to peer 0x563c331c9e00 (13 bytes)
1773135527.212153 sending message 112 to peer 0x563c331c9e00 (13 bytes)
1773135527.212172 sending message 112 to peer 0x563c331c9e00 (8 bytes)
1773135527.212186 sending message 112 to peer 0x563c331c9e00 (13 bytes)
1773135527.212205 sending message 112 to peer 0x563c331c9e00 (13 bytes)
1773135527.212219 sending message 112 to peer 0x563c331c9e00 (13 bytes)
1773135527.212233 sending message 112 to peer 0x563c331c9e00 (13 bytes)
1773135527.212252 sending message 112 to peer 0x563c331c9e00 (13 bytes)
1773135527.212266 sending message 112 to peer 0x563c331c9e00 (12 bytes)
1773135527.212284 sending message 112 to peer 0x563c331c9e00 (12 bytes)
1773135527.212298 sending message 112 to peer 0x563c331c9e00 (12 bytes)
1773135527.212337 sending message 112 to peer 0x563c331c9e00 (12 bytes)
1773135527.212354 sending message 112 to peer 0x563c331c9e00 (13 bytes)
1773135527.212369 sending message 112 to peer 0x563c331c9e00 (8 bytes)
1773135527.212388 sending message 112 to peer 0x563c331c9e00 (13 bytes)
1773135527.212403 sending message 112 to peer 0x563c331c9e00 (13 bytes)
1773135527.212418 sending message 112 to peer 0x563c331c9e00 (13 bytes)
1773135527.212437 sending message 112 to peer 0x563c331c9e00 (13 bytes)
1773135527.212451 sending message 112 to peer 0x563c331c9e00 (13 bytes)
1773135527.212470 sending message 112 to peer 0x563c331c9e00 (13 bytes)
1773135527.212483 sending message 112 to peer 0x563c331c9e00 (13 bytes)
1773135527.212493 sending message 112 to peer 0x563c331c9e00 (12 bytes)
1773135527.212495 sending message 112 to peer 0x563c331c9e00 (12 bytes)
1773135527.212499 sending message 112 to peer 0x563c331c9e00 (12 bytes)
1773135527.212503 sending message 112 to peer 0x563c331c9e00 (8 bytes)
1773135527.212505 sending message 112 to peer 0x563c331c9e00 (12 bytes)
1773135527.212508 sending message 112 to peer 0x563c331c9e00 (13 bytes)
1773135527.212511 sending message 112 to peer 0x563c331c9e00 (13 bytes)
1773135527.212515 sending message 112 to peer 0x563c331c9e00 (13 bytes)
1773135527.212519 sending message 112 to peer 0x563c331c9e00 (13 bytes)
1773135527.212522 sending message 112 to peer 0x563c331c9e00 (13 bytes)
1773135527.212525 sending message 112 to peer 0x563c331c9e00 (13 bytes)
1773135527.212528 sending message 112 to peer 0x563c331c9e00 (13 bytes)
1773135527.212531 sending message 112 to peer 0x563c331c9e00 (13 bytes)
1773135527.212533 sending message 112 to peer 0x563c331c9e00 (12 bytes)
1773135527.212537 sending message 112 to peer 0x563c331c9e00 (10 bytes)
1773135527.212539 sending message 112 to peer 0x563c331c9e00 (12 bytes)
1773135527.212543 sending message 112 to peer 0x563c331c9e00 (12 bytes)
1773135527.212545 sending message 112 to peer 0x563c331c9e00 (12 bytes)
1773135527.212549 sending message 112 to peer 0x563c331c9e00 (13 bytes)
1773135527.212551 sending message 112 to peer 0x563c331c9e00 (13 bytes)
1773135527.212555 sending message 112 to peer 0x563c331c9e00 (13 bytes)
1773135527.212557 sending message 112 to peer 0x563c331c9e00 (13 bytes)
1773135527.212560 sending message 112 to peer 0x563c331c9e00 (13 bytes)
1773135527.212563 sending message 112 to peer 0x563c331c9e00 (13 bytes)
1773135527.212566 sending message 112 to peer 0x563c331c9e00 (13 bytes)
1773135527.212569 sending message 112 to peer 0x563c331c9e00 (10 bytes)
1773135527.212572 sending message 112 to peer 0x563c331c9e00 (13 bytes)
1773135527.212575 sending message 112 to peer 0x563c331c9e00 (12 bytes)
1773135527.212581 sending message 112 to peer 0x563c331c9e00 (12 bytes)
1773135527.212584 sending message 112 to peer 0x563c331c9e00 (12 bytes)
1773135527.212587 sending message 112 to peer 0x563c331c9e00 (10 bytes)
1773135527.212590 sending message 112 to peer 0x563c331c9e00 (10 bytes)
1773135527.212592 sending message 112 to peer 0x563c331c9e00 (10 bytes)
1773135527.212596 sending message 112 to peer 0x563c331c9e00 (12 bytes)
1773135527.212599 sending message 112 to peer 0x563c331c9e00 (13 bytes)
1773135527.212602 sending message 112 to peer 0x563c331c9e00 (13 bytes)
1773135527.212616 sending message 112 to peer 0x563c331c9e00 (13 bytes)
1773135527.212620 sending message 112 to peer 0x563c331c9e00 (13 bytes)
1773135527.212622 sending message 112 to peer 0x563c331c9e00 (13 bytes)
1773135527.212626 sending message 112 to peer 0x563c331c9e00 (10 bytes)
1773135527.212628 sending message 112 to peer 0x563c331c9e00 (11 bytes)
1773135527.212632 sending message 112 to peer 0x563c331c9e00 (12 bytes)
1773135527.212634 sending message 112 to peer 0x563c331c9e00 (12 bytes)
1773135527.212637 sending message 112 to peer 0x563c331c9e00 (12 bytes)
1773135527.212641 sending message 112 to peer 0x563c331c9e00 (12 bytes)
1773135527.212644 sending message 112 to peer 0x563c331c9e00 (12 bytes)
1773135527.212647 sending message 112 to peer 0x563c331c9e00 (11 bytes)
1773135527.212650 sending message 112 to peer 0x563c331c9e00 (12 bytes)
1773135527.212652 sending message 112 to peer 0x563c331c9e00 (12 bytes)
1773135527.212655 sending message 112 to peer 0x563c331c9e00 (13 bytes)
1773135527.212658 sending message 112 to peer 0x563c331c9e00 (13 bytes)
1773135527.212662 sending message 112 to peer 0x563c331c9e00 (13 bytes)
1773135527.212665 sending message 112 to peer 0x563c331c9e00 (13 bytes)
1773135527.212667 sending message 112 to peer 0x563c331c9e00 (13 bytes)
1773135527.212674 sending message 112 to peer 0x563c331c9e00 (10 bytes)
1773135527.212677 sending message 112 to peer 0x563c331c9e00 (9 bytes)
1773135527.212679 sending message 112 to peer 0x563c331c9e00 (12 bytes)
1773135527.212707 sending message 112 to peer 0x563c331c9e00 (13 bytes)
1773135527.212710 sending message 112 to peer 0x563c331c9e00 (13 bytes)
1773135527.212713 sending message 112 to peer 0x563c331c9e00 (13 bytes)
1773135527.212716 sending message 112 to peer 0x563c331c9e00 (13 bytes)
1773135527.212719 sending message 112 to peer 0x563c331c9e00 (13 bytes)
1773135527.212722 sending message 112 to peer 0x563c331c9e00 (9 bytes)
1773135527.212725 sending message 112 to peer 0x563c331c9e00 (12 bytes)
1773135527.212728 sending message 112 to peer 0x563c331c9e00 (13 bytes)
1773135527.212738 sending message 112 to peer 0x563c331c9e00 (13 bytes)
1773135527.212741 sending message 112 to peer 0x563c331c9e00 (13 bytes)
1773135527.212744 sending message 112 to peer 0x563c331c9e00 (13 bytes)
1773135527.212747 sending message 112 to peer 0x563c331c9e00 (13 bytes)
1773135527.212750 sending message 112 to peer 0x563c331c9e00 (11 bytes)
1773135527.212753 sending message 112 to peer 0x563c331c9e00 (12 bytes)
1773135527.212755 sending message 112 to peer 0x563c331c9e00 (13 bytes)
1773135527.212758 sending message 112 to peer 0x563c331c9e00 (13 bytes)
1773135527.212761 sending message 112 to peer 0x563c331c9e00 (13 bytes)
1773135527.212765 sending message 112 to peer 0x563c331c9e00 (13 bytes)
1773135527.212767 sending message 112 to peer 0x563c331c9e00 (13 bytes)
1773135527.212770 sending message 112 to peer 0x563c331c9e00 (11 bytes)
1773135527.212774 sending message 112 to peer 0x563c331c9e00 (12 bytes)
1773135527.212776 sending message 112 to peer 0x563c331c9e00 (12 bytes)
1773135527.212779 sending message 112 to peer 0x563c331c9e00 (12 bytes)
1773135527.212782 sending message 112 to peer 0x563c331c9e00 (12 bytes)
1773135527.212785 sending message 112 to peer 0x563c331c9e00 (12 bytes)
1773135527.212787 sending message 112 to peer 0x563c331c9e00 (12 bytes)
1773135527.212791 sending message 112 to peer 0x563c331c9e00 (9 bytes)
1773135527.212793 sending message 112 to peer 0x563c331c9e00 (6 bytes)
1773135527.212796 sending message 112 to peer 0x563c331c9e00 (13 bytes)
1773135527.212800 sending message 112 to peer 0x563c331c9e00 (10 bytes)
1773135527.212803 sending message 112 to peer 0x563c331c9e00 (15 bytes)
1773135527.212806 sending message 112 to peer 0x563c331c9e00 (11 bytes)
1773135527.212809 sending message 112 to peer 0x563c331c9e00 (70 bytes)
1773135527.212816 sending message 112 to peer 0x563c331c9e00 (69 bytes)
1773135527.212818 sending message 112 to peer 0x563c331c9e00 (34 bytes)
1773135527.212821 sending message 112 to peer 0x563c331c9e00 (34 bytes)
1773135527.212824 sending message 112 to peer 0x563c331c9e00 (12 bytes)
1773135527.212827 sending message 112 to peer 0x563c331c9e00 (10 bytes)
1773135527.212830 sending message 112 to peer 0x563c331c9e00 (10 bytes)
1773135527.212833 sending message 112 to peer 0x563c331c9e00 (15 bytes)
1773135527.212836 sending message 112 to peer 0x563c331c9e00 (11 bytes)
1773135527.212838 sending message 112 to peer 0x563c331c9e00 (10 bytes)
1773135527.212842 sending message 112 to peer 0x563c331c9e00 (10 bytes)
1773135527.212844 sending message 112 to peer 0x563c331c9e00 (17 bytes)
1773135527.212847 sending message 112 to peer 0x563c331c9e00 (10 bytes)
1773135527.212863 sending message 112 to peer 0x563c331c9e00 (5 bytes)
1773135527.212866 sending message 112 to peer 0x563c331c9e00 (9 bytes)
1773135527.212869 sending message 112 to peer 0x563c331c9e00 (15 bytes)
1773135527.212871 sending message 104 to peer 0x563c331c9e00 (0 bytes)
1773135527.212875 sending message 110 to peer 0x563c331c9e00 (0 bytes)
1773135527.212878 sending message 107 to peer 0x563c331c9e00 (4 bytes)
1773135527.212883 sending message 105 to peer 0x563c331c9e00 (33 bytes)
1773135527.212885 sending message 105 to peer 0x563c331c9e00 (16 bytes)
1773135527.212888 sending message 105 to peer 0x563c331c9e00 (21 bytes)
1773135527.212891 sending message 105 to peer 0x563c331c9e00 (8 bytes)
1773135527.212893 sending message 105 to peer 0x563c331c9e00 (22 bytes)
1773135527.212897 sending message 105 to peer 0x563c331c9e00 (23 bytes)
1773135527.212899 sending message 105 to peer 0x563c331c9e00 (64 bytes)
1773135527.212902 sending message 105 to peer 0x563c331c9e00 (28 bytes)
1773135527.212908 sending message 105 to peer 0x563c331c9e00 (32 bytes)
1773135527.212911 sending message 105 to peer 0x563c331c9e00 (16 bytes)
1773135527.212915 sending message 105 to peer 0x563c331c9e00 (23 bytes)
1773135527.212917 sending message 105 to peer 0x563c331c9e00 (59 bytes)
1773135527.212920 sending message 105 to peer 0x563c331c9e00 (35 bytes)
1773135527.212923 sending message 105 to peer 0x563c331c9e00 (36 bytes)
1773135527.212926 sending message 105 to peer 0x563c331c9e00 (18 bytes)
1773135527.212930 sending message 105 to peer 0x563c331c9e00 (19 bytes)
1773135527.212933 sending message 105 to peer 0x563c331c9e00 (19 bytes)
1773135527.212936 sending message 105 to peer 0x563c331c9e00 (16 bytes)
1773135527.212940 sending message 105 to peer 0x563c331c9e00 (24 bytes)
1773135527.212942 sending message 105 to peer 0x563c331c9e00 (23 bytes)
1773135527.212945 sending message 105 to peer 0x563c331c9e00 (20 bytes)
1773135527.212948 sending message 105 to peer 0x563c331c9e00 (44 bytes)
1773135527.212951 sending message 105 to peer 0x563c331c9e00 (13 bytes)
1773135527.212954 sending message 105 to peer 0x563c331c9e00 (425 bytes)
1773135527.212957 sending message 105 to peer 0x563c331c9e00 (138 bytes)
1773135527.212960 sending message 105 to peer 0x563c331c9e00 (47 bytes)
1773135527.212963 sending message 105 to peer 0x563c331c9e00 (36 bytes)
1773135527.212969 sending message 105 to peer 0x563c331c9e00 (23 bytes)
1773135527.212972 sending message 105 to peer 0x563c331c9e00 (11 bytes)
1773135527.212975 sending message 105 to peer 0x563c331c9e00 (17 bytes)
1773135527.212979 sending message 105 to peer 0x563c331c9e00 (33 bytes)
1773135527.212981 sending message 105 to peer 0x563c331c9e00 (46 bytes)
1773135527.212984 sending message 105 to peer 0x563c331c9e00 (27 bytes)
1773135527.212987 sending message 105 to peer 0x563c331c9e00 (20 bytes)
1773135527.212990 sending message 105 to peer 0x563c331c9e00 (33 bytes)
1773135527.212993 sending message 105 to peer 0x563c331c9e00 (48 bytes)
1773135527.212995 sending message 105 to peer 0x563c331c9e00 (15 bytes)
1773135527.212998 sending message 105 to peer 0x563c331c9e00 (40 bytes)
1773135527.213001 sending message 105 to peer 0x563c331c9e00 (19 bytes)
1773135527.213004 sending message 105 to peer 0x563c331c9e00 (18 bytes)
1773135527.213007 sending message 105 to peer 0x563c331c9e00 (57 bytes)
1773135527.213009 sending message 105 to peer 0x563c331c9e00 (24 bytes)
1773135527.213012 sending message 105 to peer 0x563c331c9e00 (18 bytes)
1773135527.213015 sending message 105 to peer 0x563c331c9e00 (31 bytes)
1773135527.213018 sending message 105 to peer 0x563c331c9e00 (102 bytes)
1773135527.213021 sending message 105 to peer 0x563c331c9e00 (45 bytes)
1773135527.213024 sending message 105 to peer 0x563c331c9e00 (97 bytes)
1773135527.213027 sending message 105 to peer 0x563c331c9e00 (18 bytes)
1773135527.213031 sending message 105 to peer 0x563c331c9e00 (18 bytes)
1773135527.213034 sending message 105 to peer 0x563c331c9e00 (17 bytes)
1773135527.213038 sending message 105 to peer 0x563c331c9e00 (20 bytes)
1773135527.213040 sending message 105 to peer 0x563c331c9e00 (24 bytes)
1773135527.213043 sending message 105 to peer 0x563c331c9e00 (32 bytes)
1773135527.213046 sending message 105 to peer 0x563c331c9e00 (11 bytes)
1773135527.213062 sending message 105 to peer 0x563c331c9e00 (8 bytes)
1773135527.213065 sending message 105 to peer 0x563c331c9e00 (32 bytes)
1773135527.213068 sending message 105 to peer 0x563c331c9e00 (1519 bytes)
1773135527.213079 sending message 105 to peer 0x563c331c9e00 (12 bytes)
1773135527.213082 sending message 105 to peer 0x563c331c9e00 (37 bytes)
1773135527.213085 sending message 105 to peer 0x563c331c9e00 (22 bytes)
1773135527.213088 sending message 105 to peer 0x563c331c9e00 (18 bytes)
1773135527.213091 sending message 105 to peer 0x563c331c9e00 (16 bytes)
1773135527.213094 sending message 105 to peer 0x563c331c9e00 (32 bytes)
1773135527.213096 sending message 105 to peer 0x563c331c9e00 (372 bytes)
1773135527.213100 sending message 105 to peer 0x563c331c9e00 (20 bytes)
1773135527.213102 sending message 105 to peer 0x563c331c9e00 (30 bytes)
1773135527.213106 sending message 105 to peer 0x563c331c9e00 (16 bytes)
1773135527.213108 sending message 105 to peer 0x563c331c9e00 (57 bytes)
1773135527.213111 sending message 105 to peer 0x563c331c9e00 (66 bytes)
1773135527.213115 sending message 106 to peer 0x563c331c9e00 (0 bytes)
1773135527.213119 sending message 200 to peer 0x563c331c9e00 (4 bytes)
1773135527.213124 client loop enter
1773135527.213142 client_signal: Child exited
1773135527.760717 peer 0x563c331c9e00 message 207
1773135527.760734 sending message 208 to peer 0x563c331c9e00 (0 bytes)
1773135529.143318 peer 0x563c331c9e00 message 203
1773135529.143338 sending message 205 to peer 0x563c331c9e00 (0 bytes)
1773135529.143530 peer 0x563c331c9e00 message 204
1773135529.143544 client loop exit
